[29-Sep-2014 09:36:33 UTC] 2014-09-29 09:36:33: File: /var/www/wordpress/wp-content/themes/wixWordpress_Theme/views/sample-page.tmpl does not exists
[29-Sep-2014 09:36:58 UTC] 2014-09-29 09:36:58: File: /var/www/wordpress/wp-content/themes/wixWordpress_Theme/views/sample-page.tmpl does not exists
[29-Sep-2014 09:37:52 UTC] 2014-09-29 09:37:52: File: /var/www/wordpress/wp-content/themes/wixWordpress_Theme/views/sample-page.tmpl does not exists
[29-Sep-2014 09:37:52 UTC] PHP Notice:  Undefined variable: wpdb in /var/www/wordpress/wp-content/themes/wixWordpress_Theme/inc/renderer.php on line 101
[29-Sep-2014 09:37:52 UTC] PHP Fatal error:  Call to a member function get_var() on a non-object in /var/www/wordpress/wp-content/themes/wixWordpress_Theme/inc/renderer.php on line 101
[29-Sep-2014 09:39:32 UTC] 2014-09-29 09:39:32: File: /var/www/wordpress/wp-content/themes/wixWordpress_Theme/views/sample-page.tmpl does not exists
[29-Sep-2014 09:39:32 UTC] PHP Notice:  Undefined variable: wpdb in /var/www/wordpress/wp-content/themes/wixWordpress_Theme/inc/renderer.php on line 102
[29-Sep-2014 09:39:32 UTC] PHP Fatal error:  Call to a member function get_var() on a non-object in /var/www/wordpress/wp-content/themes/wixWordpress_Theme/inc/renderer.php on line 102
[29-Sep-2014 09:39:38 UTC] 2014-09-29 09:39:38: File: /var/www/wordpress/wp-content/themes/wixWordpress_Theme/views/sample-page.tmpl does not exists
[29-Sep-2014 09:39:38 UTC] PHP Notice:  Undefined variable: wpdb in /var/www/wordpress/wp-content/themes/wixWordpress_Theme/inc/renderer.php on line 102
[29-Sep-2014 09:39:38 UTC] PHP Fatal error:  Call to a member function get_var() on a non-object in /var/www/wordpress/wp-content/themes/wixWordpress_Theme/inc/renderer.php on line 102
[29-Sep-2014 09:40:36 UTC] 2014-09-29 09:40:36: File: /var/www/wordpress/wp-content/themes/wixWordpress_Theme/views/sample-page.tmpl does not exists
[29-Sep-2014 09:41:47 UTC] 2014-09-29 09:41:47: File: /var/www/wordpress/wp-content/themes/wixWordpress_Theme/views/sample-page.tmpl does not exists
[29-Sep-2014 09:41:53 UTC] 2014-09-29 09:41:53: File: /var/www/wordpress/wp-content/themes/wixWordpress_Theme/views/sample-page.tmpl does not exists
[29-Sep-2014 09:46:46 UTC] 2014-09-29 09:46:46: File: /var/www/wordpress/wp-content/themes/wixWordpress_Theme/views/sample-page.tmpl does not exists
[29-Sep-2014 09:50:34 UTC] 2014-09-29 09:50:34: File: /var/www/wordpress/wp-content/themes/wixWordpress_Theme/views/sample-page.tmpl does not exists
[29-Sep-2014 10:26:50 UTC] 2014-09-29 10:26:50: File: /var/www/wordpress/wp-content/themes/wixWordpress_Theme/views/sample-page.tmpl does not exists
[30-Sep-2014 08:40:54 UTC] PHP Fatal error:  Call to undefined function getPostContent() in /var/www/wordpress/wp-content/themes/wixWordpress_Theme/inc/renderer.php on line 131
[30-Sep-2014 08:41:27 UTC] PHP Notice:  Undefined variable: wpdb in /var/www/wordpress/wp-content/themes/wixWordpress_Theme/inc/renderer.php on line 140
[30-Sep-2014 08:41:27 UTC] PHP Fatal error:  Call to a member function get_var() on a non-object in /var/www/wordpress/wp-content/themes/wixWordpress_Theme/inc/renderer.php on line 140
[30-Sep-2014 08:41:53 UTC] PHP Notice:  Trying to get property of non-object in /var/www/wordpress/wp-content/themes/wixWordpress_Theme/inc/renderer.php on line 145
[30-Sep-2014 08:41:53 UTC] PHP Notice:  Trying to get property of non-object in /var/www/wordpress/wp-content/themes/wixWordpress_Theme/inc/renderer.php on line 145
[30-Sep-2014 08:43:17 UTC] 2014-09-30 08:43:17: File: /var/www/wordpress/wp-content/themes/wixWordpress_Theme/views/sectionone.tmpl does not exists
[30-Sep-2014 08:43:17 UTC] PHP Notice:  Trying to get property of non-object in /var/www/wordpress/wp-content/themes/wixWordpress_Theme/inc/renderer.php on line 145
[30-Sep-2014 08:43:37 UTC] 2014-09-30 08:43:37: File: /var/www/wordpress/wp-content/themes/wixWordpress_Theme/views/sectionone.tmpl does not exists
[30-Sep-2014 08:43:37 UTC] 2014-09-30 08:43:37: File: /var/www/wordpress/wp-content/themes/wixWordpress_Theme/views/sectiontwo.tmpl does not exists
[02-Oct-2014 09:05:07 UTC] 2014-10-02 09:05:07: File: /var/www/wordpress/wp-content/themes/wixWordpress_Theme/views/report.tmpl does not exists
[02-Oct-2014 15:17:12 UTC] PHP Parse error:  syntax error, unexpected ';' in /var/www/wordpress/wp-content/themes/wixWordpress_Theme/inc/renderer.php on line 236
[02-Oct-2014 15:17:26 UTC] PHP Parse error:  syntax error, unexpected ';' in /var/www/wordpress/wp-content/themes/wixWordpress_Theme/inc/renderer.php on line 243
[02-Oct-2014 15:17:34 UTC] PHP Parse error:  syntax error, unexpected '}' in /var/www/wordpress/wp-content/themes/wixWordpress_Theme/inc/renderer.php on line 254
